<?xml version="1.0" encoding="UTF-8"?>
<!-- Generated by org.testng.reporters.JUnitReportReporter -->
<testsuite name="qaf.example.tests.RecipeTest" tests="6" time="67.554" ignored="0" failures="0" timestamp="09 May 2020 06:27:59 GMT" skipped="0" hostname="DESKTOP-BJ7Q9MK" errors="0">
  <testcase name="testRecipeDaySearch" time="9.814" classname="qaf.example.tests.RecipeTest"/>
  <testcase name="testSearchBoxSearch" time="4.873" classname="qaf.example.tests.RecipeTest"/>
  <testcase name="testRecipeSearch" time="11.504" classname="qaf.example.tests.RecipeTest"/>
  <testcase name="testYieldSearch" time="21.484" classname="qaf.example.tests.RecipeTest"/>
  <testcase name="testRecipeDropdownSearch" time="8.095" classname="qaf.example.tests.RecipeTest"/>
  <testcase name="testServeSearch" time="11.784" classname="qaf.example.tests.RecipeTest"/>
</testsuite> <!-- qaf.example.tests.RecipeTest -->
