<?xml version="1.0" encoding="UTF-8"?>
<!-- Generated by org.testng.reporters.JUnitReportReporter -->
<testsuite name="qaf.example.tests.RecipeTest" tests="6" time="68.053" ignored="0" failures="0" timestamp="03 May 2020 05:26:05 GMT" skipped="0" hostname="DESKTOP-BJ7Q9MK" errors="0">
  <testcase name="testYieldSearch" time="21.626" classname="qaf.example.tests.RecipeTest"/>
  <testcase name="testRecipeSearch" time="10.896" classname="qaf.example.tests.RecipeTest"/>
  <testcase name="testRecipeDropdownSearch" time="8.199" classname="qaf.example.tests.RecipeTest"/>
  <testcase name="testServeSearch" time="11.256" classname="qaf.example.tests.RecipeTest"/>
  <testcase name="testSearchBoxSearch" time="5.825" classname="qaf.example.tests.RecipeTest"/>
  <testcase name="testRecipeDaySearch" time="10.251" classname="qaf.example.tests.RecipeTest"/>
</testsuite> <!-- qaf.example.tests.RecipeTest -->
