<?xml version="1.0" encoding="UTF-8"?>
<!-- Generated by org.testng.reporters.JUnitReportReporter -->
<testsuite name="qaf.example.tests.LoginTest" tests="1" time="18.448" ignored="0" failures="0" timestamp="11 May 2020 05:09:27 GMT" skipped="0" hostname="DESKTOP-BJ7Q9MK" errors="0">
  <testcase name="testLogin" time="18.448" classname="qaf.example.tests.LoginTest"/>
</testsuite> <!-- qaf.example.tests.LoginTest -->
