<?xml version="1.0" encoding="UTF-8"?>
<!-- Generated by org.testng.reporters.JUnitReportReporter -->
<testsuite name="qaf.example.tests.RecipeTest" tests="5" time="56.021" ignored="0" failures="0" timestamp="03 May 2020 03:20:16 GMT" skipped="0" hostname="DESKTOP-BJ7Q9MK" errors="0">
  <testcase name="testServeSearch" time="22.751" classname="qaf.example.tests.RecipeTest"/>
  <testcase name="testRecipeDropdownSearch" time="7.855" classname="qaf.example.tests.RecipeTest"/>
  <testcase name="testSearchBoxSearch" time="4.971" classname="qaf.example.tests.RecipeTest"/>
  <testcase name="testRecipeDaySearch" time="10.253" classname="qaf.example.tests.RecipeTest"/>
  <testcase name="testRecipeSearch" time="10.191" classname="qaf.example.tests.RecipeTest"/>
</testsuite> <!-- qaf.example.tests.RecipeTest -->
