<?xml version="1.0" encoding="UTF-8"?>
<!-- Generated by org.testng.reporters.JUnitReportReporter -->
<testsuite name="qaf.example.tests.RecipeTest" tests="6" time="63.370" ignored="0" failures="0" timestamp="03 May 2020 04:58:13 GMT" skipped="0" hostname="DESKTOP-BJ7Q9MK" errors="0">
  <testcase name="testYieldSearch" time="20.467" classname="qaf.example.tests.RecipeTest"/>
  <testcase name="testRecipeSearch" time="9.288" classname="qaf.example.tests.RecipeTest"/>
  <testcase name="testRecipeDropdownSearch" time="8.028" classname="qaf.example.tests.RecipeTest"/>
  <testcase name="testServeSearch" time="11.596" classname="qaf.example.tests.RecipeTest"/>
  <testcase name="testSearchBoxSearch" time="5.080" classname="qaf.example.tests.RecipeTest"/>
  <testcase name="testRecipeDaySearch" time="8.911" classname="qaf.example.tests.RecipeTest"/>
</testsuite> <!-- qaf.example.tests.RecipeTest -->
