<?xml version="1.0" encoding="UTF-8"?>
<!-- Generated by org.testng.reporters.JUnitReportReporter -->
<testsuite name="com.qmetry.qaf.automation.step.client.Scenario" tests="2" time="1.544" ignored="0" failures="0" timestamp="17 May 2020 05:56:55 GMT" skipped="0" hostname="DESKTOP-BJ7Q9MK" errors="0">
  <testcase name="getEmps" time="0.445" classname="com.qmetry.qaf.automation.step.client.Scenario"/>
  <testcase name="getEmps" time="1.099" classname="com.qmetry.qaf.automation.step.client.Scenario"/>
</testsuite> <!-- com.qmetry.qaf.automation.step.client.Scenario -->
