<?xml version="1.0" encoding="UTF-8"?>
<!-- Generated by org.testng.reporters.JUnitReportReporter -->
<testsuite name="qaf.example.tests.SampleTest" tests="5" time="56.366" ignored="4" failures="0" timestamp="03 May 2020 04:12:35 GMT" skipped="0" hostname="DESKTOP-BJ7Q9MK" errors="0">
  <testcase name="testServeSearch" time="14.873" classname="qaf.example.tests.SampleTest"/>
  <testcase name="testRecipeSearch" time="12.402" classname="qaf.example.tests.SampleTest"/>
  <testcase name="testRecipeDropdownSearch" time="9.078" classname="qaf.example.tests.SampleTest"/>
  <testcase name="testSearchBoxSearch" time="8.910" classname="qaf.example.tests.SampleTest"/>
  <testcase name="testRecipeDaySearch" time="11.103" classname="qaf.example.tests.SampleTest"/>
  <testcase name="afterTest" classname="com.qmetry.qaf.automation.ui.AbstractTestCase">
    <skipped/>
  </testcase> <!-- afterTest -->
  <testcase name="setupTest" classname="com.qmetry.qaf.automation.testng.TestNGTestCase">
    <skipped/>
  </testcase> <!-- setupTest -->
  <testcase name="setupSuit" classname="com.qmetry.qaf.automation.testng.TestNGTestCase">
    <skipped/>
  </testcase> <!-- setupSuit -->
  <testcase name="afterSuit" classname="com.qmetry.qaf.automation.testng.TestNGTestCase">
    <skipped/>
  </testcase> <!-- afterSuit -->
</testsuite> <!-- qaf.example.tests.SampleTest -->
