<?xml version="1.0" encoding="UTF-8"?>
<!-- Generated by org.testng.reporters.JUnitReportReporter -->
<testsuite name="qaf.example.tests.SampleTest" tests="6" time="81.323" ignored="0" failures="0" timestamp="03 May 2020 05:01:09 GMT" skipped="0" hostname="DESKTOP-BJ7Q9MK" errors="0">
  <testcase name="testRecipeDaySearch" time="10.107" classname="qaf.example.tests.SampleTest"/>
  <testcase name="testServeSearch" time="18.914" classname="qaf.example.tests.SampleTest"/>
  <testcase name="testYieldSearch" time="24.329" classname="qaf.example.tests.SampleTest"/>
  <testcase name="testRecipeDropdownSearch" time="10.012" classname="qaf.example.tests.SampleTest"/>
  <testcase name="testSearchBoxSearch" time="7.028" classname="qaf.example.tests.SampleTest"/>
  <testcase name="testRecipeSearch" time="10.933" classname="qaf.example.tests.SampleTest"/>
</testsuite> <!-- qaf.example.tests.SampleTest -->
