<?xml version="1.0" encoding="UTF-8"?>
<!-- Generated by org.testng.reporters.JUnitReportReporter -->
<testsuite name="qaf.example.tests.SampleTest" tests="5" time="58.911" ignored="0" failures="0" timestamp="02 May 2020 21:08:22 GMT" skipped="0" hostname="DESKTOP-BJ7Q9MK" errors="0">
  <testcase name="testSearchBoxSearch" time="5.359" classname="qaf.example.tests.SampleTest"/>
  <testcase name="testRecipeSearch" time="9.911" classname="qaf.example.tests.SampleTest"/>
  <testcase name="testServeSearch" time="24.953" classname="qaf.example.tests.SampleTest"/>
  <testcase name="testRecipeDropdownSearch" time="8.578" classname="qaf.example.tests.SampleTest"/>
  <testcase name="testRecipeDaySearch" time="10.110" classname="qaf.example.tests.SampleTest"/>
</testsuite> <!-- qaf.example.tests.SampleTest -->
