<?xml version="1.0" encoding="UTF-8"?>
<!-- Generated by org.testng.reporters.JUnitReportReporter -->
<testsuite name="qaf.example.tests.SampleTest" tests="1" time="24.643" ignored="0" failures="0" timestamp="09 May 2020 06:25:01 GMT" skipped="0" hostname="DESKTOP-BJ7Q9MK" errors="0">
  <testcase name="testYieldSearch" time="24.643" classname="qaf.example.tests.SampleTest"/>
</testsuite> <!-- qaf.example.tests.SampleTest -->
